::1 - - [23/Apr/2018:12:37:59 +0000] "GET /todo/style.css HTTP/1.1" 404 153 "http://localhost:8080/todo/" "Mozilla/5.0 (Macintosh; Intel Mac OS X 10_13_2) AppleWebKit/537.36 (KHTML, like Gecko) Chrome/65.0.3325.181 Safari/537.36"
::1 - - [23/Apr/2018:12:44:22 +0000] "GET /todo/ HTTP/1.1" 200 288 "-" "Mozilla/5.0 (Macintosh; Intel Mac OS X 10_13_2) AppleWebKit/537.36 (KHTML, like Gecko) Chrome/65.0.3325.181 Safari/537.36"
::1 - - [23/Apr/2018:12:44:56 +0000] "GET /todo/ HTTP/1.1" 200 288 "-" "Mozilla/5.0 (Macintosh; Intel Mac OS X 10_13_2) AppleWebKit/537.36 (KHTML, like Gecko) Chrome/65.0.3325.181 Safari/537.36"
::1 - - [23/Apr/2018:12:45:22 +0000] "GET /todo/ HTTP/1.1" 200 292 "-" "Mozilla/5.0 (Macintosh; Intel Mac OS X 10_13_2) AppleWebKit/537.36 (KHTML, like Gecko) Chrome/65.0.3325.181 Safari/537.36"
::1 - - [23/Apr/2018:12:58:47 +0000] "GET /todo/ HTTP/1.1" 500 1646 "-" "Mozilla/5.0 (Macintosh; Intel Mac OS X 10_13_2) AppleWebKit/537.36 (KHTML, like Gecko) Chrome/65.0.3325.181 Safari/537.36"
::1 - - [23/Apr/2018:12:59:32 +0000] "GET /todo/ HTTP/1.1" 200 1172 "-" "Mozilla/5.0 (Macintosh; Intel Mac OS X 10_13_2) AppleWebKit/537.36 (KHTML, like Gecko) Chrome/65.0.3325.181 Safari/537.36"
::1 - - [23/Apr/2018:12:59:32 +0000] "GET /todo/style.css HTTP/1.1" 404 153 "http://localhost:8080/todo/" "Mozilla/5.0 (Macintosh; Intel Mac OS X 10_13_2) AppleWebKit/537.36 (KHTML, like Gecko) Chrome/65.0.3325.181 Safari/537.36"
::1 - - [23/Apr/2018:12:59:43 +0000] "GET /todo/style.css HTTP/1.1" 404 153 "http://localhost:8080/todo/" "Mozilla/5.0 (Macintosh; Intel Mac OS X 10_13_2) AppleWebKit/537.36 (KHTML, like Gecko) Chrome/65.0.3325.181 Safari/537.36"
::1 - - [23/Apr/2018:13:00:02 +0000] "GET /todo/ HTTP/1.1" 200 948 "-" "Mozilla/5.0 (Macintosh; Intel Mac OS X 10_13_2) AppleWebKit/537.36 (KHTML, like Gecko) Chrome/65.0.3325.181 Safari/537.36"
::1 - - [23/Apr/2018:13:00:02 +0000] "GET /todo/style.css HTTP/1.1" 404 153 "http://localhost:8080/todo/" "Mozilla/5.0 (Macintosh; Intel Mac OS X 10_13_2) AppleWebKit/537.36 (KHTML, like Gecko) Chrome/65.0.3325.181 Safari/537.36"
::1 - - [23/Apr/2018:13:59:35 +0000] "GET /todo HTTP/1.1" 200 995 "http://localhost:8080/todo" "Mozilla/5.0 (Macintosh; Intel Mac OS X 10_13_2) AppleWebKit/537.36 (KHTML, like Gecko) Chrome/65.0.3325.181 Safari/537.36"
::1 - - [23/Apr/2018:13:59:35 +0000] "GET /style.css HTTP/1.1" 200 81 "http://localhost:8080/todo" "Mozilla/5.0 (Macintosh; Intel Mac OS X 10_13_2) AppleWebKit/537.36 (KHTML, like Gecko) Chrome/65.0.3325.181 Safari/537.36"
::1 - - [23/Apr/2018:13:59:38 +0000] "GET /$%7BbaseUrl%7D/new HTTP/1.1" 404 157 "http://localhost:8080/todo" "Mozilla/5.0 (Macintosh; Intel Mac OS X 10_13_2) AppleWebKit/537.36 (KHTML, like Gecko) Chrome/65.0.3325.181 Safari/537.36"
::1 - - [23/Apr/2018:13:59:42 +0000] "GET /todo HTTP/1.1" 200 995 "http://localhost:8080/todo" "Mozilla/5.0 (Macintosh; Intel Mac OS X 10_13_2) AppleWebKit/537.36 (KHTML, like Gecko) Chrome/65.0.3325.181 Safari/537.36"
::1 - - [23/Apr/2018:13:59:42 +0000] "GET /style.css HTTP/1.1" 200 81 "http://localhost:8080/todo" "Mozilla/5.0 (Macintosh; Intel Mac OS X 10_13_2) AppleWebKit/537.36 (KHTML, like Gecko) Chrome/65.0.3325.181 Safari/537.36"
::1 - - [23/Apr/2018:13:59:57 +0000] "GET /todo HTTP/1.1" 200 990 "http://localhost:8080/todo" "Mozilla/5.0 (Macintosh; Intel Mac OS X 10_13_2) AppleWebKit/537.36 (KHTML, like Gecko) Chrome/65.0.3325.181 Safari/537.36"
::1 - - [23/Apr/2018:13:59:57 +0000] "GET /style.css HTTP/1.1" 200 81 "http://localhost:8080/todo" "Mozilla/5.0 (Macintosh; Intel Mac OS X 10_13_2) AppleWebKit/537.36 (KHTML, like Gecko) Chrome/65.0.3325.181 Safari/537.36"
::1 - - [23/Apr/2018:13:59:59 +0000] "GET /todo/new HTTP/1.1" 200 480 "http://localhost:8080/todo" "Mozilla/5.0 (Macintosh; Intel Mac OS X 10_13_2) AppleWebKit/537.36 (KHTML, like Gecko) Chrome/65.0.3325.181 Safari/537.36"
::1 - - [23/Apr/2018:14:04:07 +0000] "GET /todo/ HTTP/1.1" 200 990 "-" "Mozilla/5.0 (Macintosh; Intel Mac OS X 10_13_2) AppleWebKit/537.36 (KHTML, like Gecko) Chrome/65.0.3325.181 Safari/537.36"
::1 - - [23/Apr/2018:14:04:07 +0000] "GET /todo/style.css HTTP/1.1" 404 153 "http://localhost:8080/todo/" "Mozilla/5.0 (Macintosh; Intel Mac OS X 10_13_2) AppleWebKit/537.36 (KHTML, like Gecko) Chrome/65.0.3325.181 Safari/537.36"
::1 - - [23/Apr/2018:14:04:09 +0000] "GET /todo/new HTTP/1.1" 200 480 "http://localhost:8080/todo/" "Mozilla/5.0 (Macintosh; Intel Mac OS X 10_13_2) AppleWebKit/537.36 (KHTML, like Gecko) Chrome/65.0.3325.181 Safari/537.36"
::1 - - [23/Apr/2018:14:04:14 +0000] "POST /todo/save HTTP/1.1" 500 1238 "http://localhost:8080/todo/new" "Mozilla/5.0 (Macintosh; Intel Mac OS X 10_13_2) AppleWebKit/537.36 (KHTML, like Gecko) Chrome/65.0.3325.181 Safari/537.36"
::1 - - [23/Apr/2018:14:04:28 +0000] "GET /todo/ HTTP/1.1" 200 990 "-" "Mozilla/5.0 (Macintosh; Intel Mac OS X 10_13_2) AppleWebKit/537.36 (KHTML, like Gecko) Chrome/65.0.3325.181 Safari/537.36"
::1 - - [23/Apr/2018:14:04:28 +0000] "GET /todo/style.css HTTP/1.1" 404 153 "http://localhost:8080/todo/" "Mozilla/5.0 (Macintosh; Intel Mac OS X 10_13_2) AppleWebKit/537.36 (KHTML, like Gecko) Chrome/65.0.3325.181 Safari/537.36"
::1 - - [23/Apr/2018:14:04:30 +0000] "GET /todo/new HTTP/1.1" 200 480 "http://localhost:8080/todo/" "Mozilla/5.0 (Macintosh; Intel Mac OS X 10_13_2) AppleWebKit/537.36 (KHTML, like Gecko) Chrome/65.0.3325.181 Safari/537.36"
::1 - - [23/Apr/2018:14:04:32 +0000] "POST /todo/save HTTP/1.1" 302 54 "http://localhost:8080/todo/new" "Mozilla/5.0 (Macintosh; Intel Mac OS X 10_13_2) AppleWebKit/537.36 (KHTML, like Gecko) Chrome/65.0.3325.181 Safari/537.36"
::1 - - [23/Apr/2018:14:04:32 +0000] "GET /todo HTTP/1.1" 200 1122 "http://localhost:8080/todo/new" "Mozilla/5.0 (Macintosh; Intel Mac OS X 10_13_2) AppleWebKit/537.36 (KHTML, like Gecko) Chrome/65.0.3325.181 Safari/537.36"
::1 - - [23/Apr/2018:14:04:32 +0000] "GET /style.css HTTP/1.1" 200 81 "http://localhost:8080/todo" "Mozilla/5.0 (Macintosh; Intel Mac OS X 10_13_2) AppleWebKit/537.36 (KHTML, like Gecko) Chrome/65.0.3325.181 Safari/537.36"
::1 - - [23/Apr/2018:14:05:49 +0000] "GET /todo HTTP/1.1" 200 990 "http://localhost:8080/todo/new" "Mozilla/5.0 (Macintosh; Intel Mac OS X 10_13_2) AppleWebKit/537.36 (KHTML, like Gecko) Chrome/65.0.3325.181 Safari/537.36"
::1 - - [23/Apr/2018:14:05:49 +0000] "GET /style.css HTTP/1.1" 200 81 "http://localhost:8080/todo" "Mozilla/5.0 (Macintosh; Intel Mac OS X 10_13_2) AppleWebKit/537.36 (KHTML, like Gecko) Chrome/65.0.3325.181 Safari/537.36"
::1 - - [23/Apr/2018:14:05:50 +0000] "GET /todo/new HTTP/1.1" 200 480 "http://localhost:8080/todo" "Mozilla/5.0 (Macintosh; Intel Mac OS X 10_13_2) AppleWebKit/537.36 (KHTML, like Gecko) Chrome/65.0.3325.181 Safari/537.36"
::1 - - [23/Apr/2018:14:05:53 +0000] "POST /todo/save HTTP/1.1" 302 54 "http://localhost:8080/todo/new" "Mozilla/5.0 (Macintosh; Intel Mac OS X 10_13_2) AppleWebKit/537.36 (KHTML, like Gecko) Chrome/65.0.3325.181 Safari/537.36"
::1 - - [23/Apr/2018:14:05:53 +0000] "GET /todo HTTP/1.1" 200 1117 "http://localhost:8080/todo/new" "Mozilla/5.0 (Macintosh; Intel Mac OS X 10_13_2) AppleWebKit/537.36 (KHTML, like Gecko) Chrome/65.0.3325.181 Safari/537.36"
::1 - - [23/Apr/2018:14:05:53 +0000] "GET /style.css HTTP/1.1" 200 81 "http://localhost:8080/todo" "Mozilla/5.0 (Macintosh; Intel Mac OS X 10_13_2) AppleWebKit/537.36 (KHTML, like Gecko) Chrome/65.0.3325.181 Safari/537.36"
::1 - - [23/Apr/2018:14:08:01 +0000] "GET /todo/delete/2 HTTP/1.1" 302 54 "http://localhost:8080/todo" "Mozilla/5.0 (Macintosh; Intel Mac OS X 10_13_2) AppleWebKit/537.36 (KHTML, like Gecko) Chrome/65.0.3325.181 Safari/537.36"
::1 - - [23/Apr/2018:14:08:01 +0000] "GET /todo HTTP/1.1" 200 864 "http://localhost:8080/todo" "Mozilla/5.0 (Macintosh; Intel Mac OS X 10_13_2) AppleWebKit/537.36 (KHTML, like Gecko) Chrome/65.0.3325.181 Safari/537.36"
::1 - - [23/Apr/2018:14:08:01 +0000] "GET /style.css HTTP/1.1" 200 81 "http://localhost:8080/todo" "Mozilla/5.0 (Macintosh; Intel Mac OS X 10_13_2) AppleWebKit/537.36 (KHTML, like Gecko) Chrome/65.0.3325.181 Safari/537.36"
::1 - - [23/Apr/2018:14:10:43 +0000] "GET /todo HTTP/1.1" 200 990 "http://localhost:8080/todo" "Mozilla/5.0 (Macintosh; Intel Mac OS X 10_13_2) AppleWebKit/537.36 (KHTML, like Gecko) Chrome/65.0.3325.181 Safari/537.36"
::1 - - [23/Apr/2018:14:10:43 +0000] "GET /style.css HTTP/1.1" 200 81 "http://localhost:8080/todo" "Mozilla/5.0 (Macintosh; Intel Mac OS X 10_13_2) AppleWebKit/537.36 (KHTML, like Gecko) Chrome/65.0.3325.181 Safari/537.36"
::1 - - [23/Apr/2018:14:10:48 +0000] "GET /todo/new HTTP/1.1" 200 480 "http://localhost:8080/todo" "Mozilla/5.0 (Macintosh; Intel Mac OS X 10_13_2) AppleWebKit/537.36 (KHTML, like Gecko) Chrome/65.0.3325.181 Safari/537.36"
::1 - - [23/Apr/2018:14:10:49 +0000] "POST /todo/save HTTP/1.1" 302 54 "http://localhost:8080/todo/new" "Mozilla/5.0 (Macintosh; Intel Mac OS X 10_13_2) AppleWebKit/537.36 (KHTML, like Gecko) Chrome/65.0.3325.181 Safari/537.36"
::1 - - [23/Apr/2018:14:10:49 +0000] "GET /todo HTTP/1.1" 200 1117 "http://localhost:8080/todo/new" "Mozilla/5.0 (Macintosh; Intel Mac OS X 10_13_2) AppleWebKit/537.36 (KHTML, like Gecko) Chrome/65.0.3325.181 Safari/537.36"
::1 - - [23/Apr/2018:14:10:49 +0000] "GET /style.css HTTP/1.1" 200 81 "http://localhost:8080/todo" "Mozilla/5.0 (Macintosh; Intel Mac OS X 10_13_2) AppleWebKit/537.36 (KHTML, like Gecko) Chrome/65.0.3325.181 Safari/537.36"
::1 - - [23/Apr/2018:14:10:55 +0000] "GET /todo/new HTTP/1.1" 200 480 "http://localhost:8080/todo" "Mozilla/5.0 (Macintosh; Intel Mac OS X 10_13_2) AppleWebKit/537.36 (KHTML, like Gecko) Chrome/65.0.3325.181 Safari/537.36"
::1 - - [23/Apr/2018:14:10:58 +0000] "POST /todo/save HTTP/1.1" 302 54 "http://localhost:8080/todo/new" "Mozilla/5.0 (Macintosh; Intel Mac OS X 10_13_2) AppleWebKit/537.36 (KHTML, like Gecko) Chrome/65.0.3325.181 Safari/537.36"
::1 - - [23/Apr/2018:14:10:58 +0000] "GET /todo HTTP/1.1" 200 1244 "http://localhost:8080/todo/new" "Mozilla/5.0 (Macintosh; Intel Mac OS X 10_13_2) AppleWebKit/537.36 (KHTML, like Gecko) Chrome/65.0.3325.181 Safari/537.36"
::1 - - [23/Apr/2018:14:10:58 +0000] "GET /style.css HTTP/1.1" 200 81 "http://localhost:8080/todo" "Mozilla/5.0 (Macintosh; Intel Mac OS X 10_13_2) AppleWebKit/537.36 (KHTML, like Gecko) Chrome/65.0.3325.181 Safari/537.36"
::1 - - [23/Apr/2018:14:11:00 +0000] "GET /todo/delete/5 HTTP/1.1" 302 54 "http://localhost:8080/todo" "Mozilla/5.0 (Macintosh; Intel Mac OS X 10_13_2) AppleWebKit/537.36 (KHTML, like Gecko) Chrome/65.0.3325.181 Safari/537.36"
::1 - - [23/Apr/2018:14:11:00 +0000] "GET /todo HTTP/1.1" 200 1117 "http://localhost:8080/todo" "Mozilla/5.0 (Macintosh; Intel Mac OS X 10_13_2) AppleWebKit/537.36 (KHTML, like Gecko) Chrome/65.0.3325.181 Safari/537.36"
::1 - - [23/Apr/2018:14:11:00 +0000] "GET /style.css HTTP/1.1" 200 81 "http://localhost:8080/todo" "Mozilla/5.0 (Macintosh; Intel Mac OS X 10_13_2) AppleWebKit/537.36 (KHTML, like Gecko) Chrome/65.0.3325.181 Safari/537.36"
::1 - - [23/Apr/2018:14:11:01 +0000] "GET /todo/delete/4 HTTP/1.1" 302 54 "http://localhost:8080/todo" "Mozilla/5.0 (Macintosh; Intel Mac OS X 10_13_2) AppleWebKit/537.36 (KHTML, like Gecko) Chrome/65.0.3325.181 Safari/537.36"
::1 - - [23/Apr/2018:14:11:01 +0000] "GET /todo HTTP/1.1" 200 988 "http://localhost:8080/todo" "Mozilla/5.0 (Macintosh; Intel Mac OS X 10_13_2) AppleWebKit/537.36 (KHTML, like Gecko) Chrome/65.0.3325.181 Safari/537.36"
::1 - - [23/Apr/2018:14:11:01 +0000] "GET /style.css HTTP/1.1" 200 81 "http://localhost:8080/todo" "Mozilla/5.0 (Macintosh; Intel Mac OS X 10_13_2) AppleWebKit/537.36 (KHTML, like Gecko) Chrome/65.0.3325.181 Safari/537.36"
::1 - - [23/Apr/2018:14:11:02 +0000] "GET /todo/delete/3 HTTP/1.1" 302 54 "http://localhost:8080/todo" "Mozilla/5.0 (Macintosh; Intel Mac OS X 10_13_2) AppleWebKit/537.36 (KHTML, like Gecko) Chrome/65.0.3325.181 Safari/537.36"
::1 - - [23/Apr/2018:14:11:02 +0000] "GET /todo HTTP/1.1" 200 861 "http://localhost:8080/todo" "Mozilla/5.0 (Macintosh; Intel Mac OS X 10_13_2) AppleWebKit/537.36 (KHTML, like Gecko) Chrome/65.0.3325.181 Safari/537.36"
::1 - - [23/Apr/2018:14:11:02 +0000] "GET /style.css HTTP/1.1" 200 81 "http://localhost:8080/todo" "Mozilla/5.0 (Macintosh; Intel Mac OS X 10_13_2) AppleWebKit/537.36 (KHTML, like Gecko) Chrome/65.0.3325.181 Safari/537.36"
